<?xml version="1.0" encoding="UTF-8" standalone="yes"?>
<testsuites>
    <testsuite tests="3" failures="2" errors="0" time="0.004411995410919189" name="All tests">
        <testsuite tests="0" failures="0" errors="0" time="0" name="SimpleTestTarget.xctest"></testsuite>
        <testsuite tests="3" failures="2" errors="0" time="0.003009021282196045" name="SimpleTestTarget">
            <testcase classname="SimpleTestTarget" name="testIsRunningOnIOS" time="0.0004580020904541016"></testcase>
            <testcase classname="SimpleTestTarget" name="testIsRunningOnMacOSX" time="0.0007230043411254883">
                <failure type="Failure" message="((NSClassFromString(@&quot;NSView&quot;)) != nil) failed">/Users/lawrencelomax/src/FBSimulatorControl/Shims/Shimulator/SimpleTestTarget/SimpleTestTarget.m:30</failure>
            </testcase>
            <testcase classname="SimpleTestTarget" name="testIsSafari" time="0.0006660223007202148">
                <failure type="Failure" message="(([NSProcessInfo.processInfo.processName isEqualToString:@&quot;MobileSafari&quot;]) is true) failed">/Users/lawrencelomax/src/FBSimulatorControl/Shims/Shimulator/SimpleTestTarget/SimpleTestTarget.m:35</failure>
            </testcase>
        </testsuite>
    </testsuite>
</testsuites>